<?xml version="1.0" encoding="UTF-8"?>
<testng-results skipped="0" failed="0" total="2" passed="2">
  <reporter-output>
  </reporter-output>
  <suite name="Suite" duration-ms="23079" started-at="2017-10-12T14:07:44Z" finished-at="2017-10-12T14:08:07Z">
    <groups>
    </groups>
    <test name="Test" duration-ms="23079" started-at="2017-10-12T14:07:44Z" finished-at="2017-10-12T14:08:07Z">
      <class name="homePage.VerifyTitle">
        <test-method status="PASS" signature="HomePageTitle()[pri:0, instance:homePage.VerifyTitle@1a5f7e7c]" name="HomePageTitle" duration-ms="23047" started-at="2017-10-12T10:07:44Z" finished-at="2017-10-12T10:08:07Z">
          <reporter-output>
          </reporter-output>
        </test-method> <!-- HomePageTitle -->
      </class> <!-- homePage.VerifyTitle -->
      <class name="com.chase.creditcards.DemoForMaven">
        <test-method status="PASS" signature="TestMaven()[pri:0, instance:com.chase.creditcards.DemoForMaven@55cff952]" name="TestMaven" duration-ms="16" started-at="2017-10-12T10:07:44Z" finished-at="2017-10-12T10:07:44Z">
          <reporter-output>
          </reporter-output>
        </test-method> <!-- TestMaven -->
      </class> <!-- com.chase.creditcards.DemoForMaven -->
    </test> <!-- Test -->
  </suite> <!-- Suite -->
</testng-results>
