<?xml version="1.0" encoding="UTF-8"?>
<testsuite xmlns:xsi="http://www.w3.org/2001/XMLSchema-instance" xsi:noNamespaceSchemaLocation="https://maven.apache.org/surefire/maven-surefire-plugin/xsd/surefire-test-report.xsd" name="TestSuite" time="24.579" tests="2" errors="0" skipped="0" failures="0">
  <properties>
[...]
</properties>
  <testcase name="TestMaven" classname="com.chase.creditcards.DemoForMaven" time="0"/>
  <testcase name="HomePageTitle" classname="homePage.VerifyTitle" time="23.047"/>
</testsuite>