<?xml version="1.0" encoding="UTF-8"?>
<testng-results skipped="0" failed="0" total="1" passed="1">
  <reporter-output>
  </reporter-output>
  <suite name="Default suite" duration-ms="85257" started-at="2017-10-11T16:11:10Z" finished-at="2017-10-11T16:12:35Z">
    <groups>
    </groups>
    <test name="Default test" duration-ms="85257" started-at="2017-10-11T16:11:10Z" finished-at="2017-10-11T16:12:35Z">
      <class name="homePage.VerifyTitle">
        <test-method status="PASS" signature="HomePageTitle()[pri:0, instance:homePage.VerifyTitle@29774679]" name="HomePageTitle" duration-ms="85209" started-at="2017-10-11T12:11:10Z" finished-at="2017-10-11T12:12:35Z">
          <reporter-output>
          </reporter-output>
        </test-method> <!-- HomePageTitle -->
      </class> <!-- homePage.VerifyTitle -->
    </test> <!-- Default test -->
  </suite> <!-- Default suite -->
</testng-results>
